Performing C SOURCE FILE Test CMAKE_HAVE_LIBC_PTHREAD failed with the following output:
Change Dir: C:/Users/Gergo/Desktop/mosze/mosze-semester-project-bagira/build/CMakeFiles/CMakeScratch/TryCompile-4a6blm

Run Build Command(s):C:/Program Files/Microsoft Visual Studio/2022/Community/MSBuild/Current/Bin/amd64/MSBuild.exe cmTC_aa030.vcxproj /p:Configuration=Debug /p:Platform=x64 /p:VisualStudioVersion=17.0 /v:m && MSBuild version 17.4.0+18d5aef85 for .NET Framework
  Microsoft (R) C/C++ Optimizing Compiler Version 19.34.31933 for x64
  Copyright (C) Microsoft Corporation.  All rights reserved.
  cl /c /Zi /W3 /WX- /diagnostics:column /Od /Ob0 /D _MBCS /D WIN32 /D _WINDOWS /D CMAKE_HAVE_LIBC_PTHREAD /D "CMAKE_INTDIR=\"Debug\"" /Gm- /RTC1 /MDd /GS /fp:precise /Zc:wchar_t /Zc:forScope /Zc:inline /Fo"cmTC_aa030.dir\Debug\\" /Fd"cmTC_aa030.dir\Debug\vc143.pdb" /external:W3 /Gd /TC /errorReport:queue "C:\Users\Gergo\Desktop\mosze\mosze-semester-project-bagira\build\CMakeFiles\CMakeScratch\TryCompile-4a6blm\src.c"
  src.c
C:\Users\Gergo\Desktop\mosze\mosze-semester-project-bagira\build\CMakeFiles\CMakeScratch\TryCompile-4a6blm\src.c(1,10): fatal  error C1083: Cannot open include file: 'pthread.h': No such file or directory [C:\Users\Gergo\Desktop\mosze\mosze-semester-project-bagira\build\CMakeFiles\CMakeScratch\TryCompile-4a6blm\cmTC_aa030.vcxproj]


Source file was:
#include <pthread.h>

static void* test_func(void* data)
{
  return data;
}

int main(void)
{
  pthread_t thread;
  pthread_create(&thread, NULL, test_func, NULL);
  pthread_detach(thread);
  pthread_cancel(thread);
  pthread_join(thread, NULL);
  pthread_atfork(NULL, NULL, NULL);
  pthread_exit(NULL);

  return 0;
}


Determining if the function pthread_create exists in the pthreads failed with the following output:
Change Dir: C:/Users/Gergo/Desktop/mosze/mosze-semester-project-bagira/build/CMakeFiles/CMakeScratch/TryCompile-mvp41i

Run Build Command(s):C:/Program Files/Microsoft Visual Studio/2022/Community/MSBuild/Current/Bin/amd64/MSBuild.exe cmTC_6f224.vcxproj /p:Configuration=Debug /p:Platform=x64 /p:VisualStudioVersion=17.0 /v:m && MSBuild version 17.4.0+18d5aef85 for .NET Framework
  Microsoft (R) C/C++ Optimizing Compiler Version 19.34.31933 for x64
  Copyright (C) Microsoft Corporation.  All rights reserved.
  cl /c /Zi /W3 /WX- /diagnostics:column /Od /Ob0 /D _MBCS /D WIN32 /D _WINDOWS /D CHECK_FUNCTION_EXISTS=pthread_create /D "CMAKE_INTDIR=\"Debug\"" /Gm- /RTC1 /MDd /GS /fp:precise /Zc:wchar_t /Zc:forScope /Zc:inline /Fo"cmTC_6f224.dir\Debug\\" /Fd"cmTC_6f224.dir\Debug\vc143.pdb" /external:W3 /Gd /TC /errorReport:queue "C:\Users\Gergo\Desktop\mosze\mosze-semester-project-bagira\build\CMakeFiles\CMakeScratch\TryCompile-mvp41i\CheckFunctionExists.c"
  CheckFunctionExists.c
LINK : fatal error LNK1104: cannot open file 'pthreads.lib' [C:\Users\Gergo\Desktop\mosze\mosze-semester-project-bagira\build\CMakeFiles\CMakeScratch\TryCompile-mvp41i\cmTC_6f224.vcxproj]



Determining if the function pthread_create exists in the pthread failed with the following output:
Change Dir: C:/Users/Gergo/Desktop/mosze/mosze-semester-project-bagira/build/CMakeFiles/CMakeScratch/TryCompile-tjq8dk

Run Build Command(s):C:/Program Files/Microsoft Visual Studio/2022/Community/MSBuild/Current/Bin/amd64/MSBuild.exe cmTC_d76ad.vcxproj /p:Configuration=Debug /p:Platform=x64 /p:VisualStudioVersion=17.0 /v:m && MSBuild version 17.4.0+18d5aef85 for .NET Framework
  Microsoft (R) C/C++ Optimizing Compiler Version 19.34.31933 for x64
  Copyright (C) Microsoft Corporation.  All rights reserved.
  CheckFunctionExists.c
  cl /c /Zi /W3 /WX- /diagnostics:column /Od /Ob0 /D _MBCS /D WIN32 /D _WINDOWS /D CHECK_FUNCTION_EXISTS=pthread_create /D "CMAKE_INTDIR=\"Debug\"" /Gm- /RTC1 /MDd /GS /fp:precise /Zc:wchar_t /Zc:forScope /Zc:inline /Fo"cmTC_d76ad.dir\Debug\\" /Fd"cmTC_d76ad.dir\Debug\vc143.pdb" /external:W3 /Gd /TC /errorReport:queue "C:\Users\Gergo\Desktop\mosze\mosze-semester-project-bagira\build\CMakeFiles\CMakeScratch\TryCompile-tjq8dk\CheckFunctionExists.c"
LINK : fatal error LNK1104: cannot open file 'pthread.lib' [C:\Users\Gergo\Desktop\mosze\mosze-semester-project-bagira\build\CMakeFiles\CMakeScratch\TryCompile-tjq8dk\cmTC_d76ad.vcxproj]



